2016-08-09 16:09:38.672 INFO	connected mssql
2016-08-09 16:18:55.412 INFO	connected mssql
2016-08-09 16:23:20.948 INFO	connected mssql
2016-08-09 16:25:15.270 INFO	connected mssql
2016-08-09 16:25:51.100 INFO	connected mssql
2016-08-09 16:32:22.029 INFO	connected mssql
2016-08-09 16:38:10.933 INFO	connected mssql
2016-08-09 16:45:10.131 INFO	connected mssql
2016-08-09 16:45:10.210 INFO	connected mssql
2016-08-09 16:45:11.473 INFO	connected mssql
2016-08-09 16:46:25.158 INFO	connected mssql
2016-08-10 08:52:53.960 INFO	connected mssql
2016-08-10 09:37:45.244 ERROR	Unable to fetch information about the error at lib/mssql.pm line 40.
2016-08-10 09:37:45.473 ERROR	Can't call method "prepare_cached" on unblessed reference at lib/mssql.pm line 165.
2016-08-10 13:40:40.993 INFO	connected mssql
2016-08-10 13:41:44.472 INFO	connected mssql
2016-08-10 14:47:11.448 INFO	connected mssql
2016-08-10 14:47:11.544 ERROR	[Microsoft][ODBC SQL Server Driver]Ошибка синтаксиса или нарушение прав доступа (SQL-42000) at lib/mssql.pm line 165.
2016-08-10 14:48:34.668 INFO	connected mssql
2016-08-10 14:49:48.979 INFO	connected mssql
2016-08-10 14:50:16.792 INFO	connected mssql
2016-08-10 14:51:07.446 INFO	connected mssql
2016-08-10 14:52:14.655 INFO	connected mssql
2016-08-10 14:53:06.458 INFO	connected mssql
2016-08-10 14:54:03.700 INFO	connected mssql
2016-08-10 14:55:19.867 INFO	connected mssql
2016-08-10 14:55:19.920 ERROR	[Microsoft][ODBC SQL Server Driver][SQL Server]Incorrect syntax near the keyword 'FROM'. (SQL-42000)
[Microsoft][ODBC SQL Server Driver][SQL Server]Statement(s) could not be prepared. (SQL-42000) at lib/mssql.pm line 166.
2016-08-10 14:56:29.478 INFO	connected mssql
2016-08-10 14:56:29.505 ERROR	[Microsoft][ODBC SQL Server Driver]Ошибка синтаксиса или нарушение прав доступа (SQL-42000) at lib/mssql.pm line 165.
2016-08-10 14:57:31.561 INFO	connected mssql
2016-08-10 14:57:31.622 ERROR	[Microsoft][ODBC SQL Server Driver][SQL Server]Incorrect syntax near the keyword 'FROM'. (SQL-42000)
[Microsoft][ODBC SQL Server Driver][SQL Server]Statement(s) could not be prepared. (SQL-42000) at lib/mssql.pm line 166.
2016-08-10 14:57:59.920 INFO	connected mssql
2016-08-11 14:21:09.761 ERROR	Unable to fetch information about the error at lib/mssql.pm line 40.
2016-08-11 14:21:10.226 ERROR	reconnect count 1
2016-08-11 14:21:26.454 ERROR	Unable to fetch information about the error at lib/mssql.pm line 40.
2016-08-11 14:21:26.885 ERROR	reconnect count 1
2016-08-11 14:22:08.097 ERROR	Unable to fetch information about the error at lib/mssql.pm line 40.
2016-08-11 14:22:08.512 ERROR	reconnect count 1
2016-08-11 14:23:16.289 ERROR	Unable to fetch information about the error at lib/mssql.pm line 40.
2016-08-11 14:23:16.703 ERROR	reconnect count 1
2016-08-11 14:25:10.969 ERROR	Unable to fetch information about the error at lib/mssql.pm line 40.
2016-08-11 14:25:11.243 ERROR	reconnect count 1
2016-08-11 14:25:32.485 ERROR	Unable to fetch information about the error at lib/mssql.pm line 40.
2016-08-11 14:25:32.915 ERROR	reconnect count 1
2016-08-11 14:26:31.059 ERROR	Unable to fetch information about the error at lib/mssql.pm line 40.
2016-08-11 14:26:31.510 ERROR	reconnect count 1
2016-08-11 14:27:10.011 ERROR	Unable to fetch information about the error at lib/mssql.pm line 40.
2016-08-11 14:27:10.376 ERROR	reconnect count 1
2016-08-11 14:46:45.310 ERROR	Unable to fetch information about the error at lib/mssql.pm line 40.
2016-08-11 14:46:45.825 ERROR	reconnect count 1
2016-08-11 15:21:44.809 ERROR	[Microsoft][ODBC SQL Server Driver][SQL Server]Invalid object name 'menu'. (SQL-42S02) [state was 42S02 now 42000]
[Microsoft][ODBC SQL Server Driver][SQL Server]Statement(s) could not be prepared. (SQL-42000) at lib/mssql.pm line 177.
